Library/Bee/Android/Prj/Mono2x/Gradle/launcher/build/intermediates/manifest_merge_blame_file/release/manifest-merger-blame-release-report.txt
1<?xml version="1.0" encoding="utf-8"?>
2<manifest xmlns:android="http://schemas.android.com/apk/res/android"
3    package="com.DefaultCompany.Myproject1"
4    android:installLocation="preferExternal"
5    android:versionCode="1"
6    android:versionName="1.0.2" >
7
8    <uses-sdk
9        android:minSdkVersion="23"
9-->src\main\AndroidManifest.xml
10        android:targetSdkVersion="30" />
10-->src\main\AndroidManifest.xml
11
12    <supports-screens
12-->src\main\AndroidManifest.xml:3:3-163
13        android:anyDensity="true"
13-->src\main\AndroidManifest.xml:3:135-160
14        android:largeScreens="true"
14-->src\main\AndroidManifest.xml:3:78-105
15        android:normalScreens="true"
15-->src\main\AndroidManifest.xml:3:49-77
16        android:smallScreens="true"
16-->src\main\AndroidManifest.xml:3:21-48
17        android:xlargeScreens="true" />
17-->src\main\AndroidManifest.xml:3:106-134
18
19    <uses-feature android:glEsVersion="0x00030000" />
19-->[:unityLibrary] AndroidManifest.xml:12:5-54
19-->[:unityLibrary] AndroidManifest.xml:12:19-51
20    <uses-feature
20-->[:unityLibrary] AndroidManifest.xml:13:5-15:36
21        android:name="android.hardware.vulkan.version"
21-->[:unityLibrary] AndroidManifest.xml:14:9-55
22        android:required="false" />
22-->[:unityLibrary] AndroidManifest.xml:15:9-33
23
24    <uses-permission android:name="android.permission.INTERNET" />
24-->[:unityLibrary] AndroidManifest.xml:17:5-67
24-->[:unityLibrary] AndroidManifest.xml:17:22-64
25    <uses-permission android:name="android.permission.ACCESS_NETWORK_STATE" />
25-->[:unityLibrary] AndroidManifest.xml:18:5-79
25-->[:unityLibrary] AndroidManifest.xml:18:22-76
26    <uses-permission android:name="android.permission.CAMERA" />
26-->[:unityLibrary] AndroidManifest.xml:19:5-65
26-->[:unityLibrary] AndroidManifest.xml:19:22-62
27
28    <uses-feature
28-->[:unityLibrary] AndroidManifest.xml:21:5-23:36
29        android:name="android.hardware.camera"
29-->[:unityLibrary] AndroidManifest.xml:22:9-47
30        android:required="true" />
30-->[:unityLibrary] AndroidManifest.xml:23:9-33
31    <uses-feature
31-->[:unityLibrary] AndroidManifest.xml:24:5-26:36
32        android:name="android.hardware.camera.autofocus"
32-->[:unityLibrary] AndroidManifest.xml:25:9-57
33        android:required="false" />
33-->[:unityLibrary] AndroidManifest.xml:26:9-33
34    <uses-feature
34-->[:unityLibrary] AndroidManifest.xml:27:5-29:36
35        android:name="android.hardware.camera.front"
35-->[:unityLibrary] AndroidManifest.xml:28:9-53
36        android:required="false" />
36-->[:unityLibrary] AndroidManifest.xml:29:9-33
37    <uses-feature
37-->[:unityLibrary] AndroidManifest.xml:30:5-32:36
38        android:name="android.hardware.touchscreen"
38-->[:unityLibrary] AndroidManifest.xml:31:9-52
39        android:required="false" />
39-->[:unityLibrary] AndroidManifest.xml:32:9-33
40    <uses-feature
40-->[:unityLibrary] AndroidManifest.xml:33:5-35:36
41        android:name="android.hardware.touchscreen.multitouch"
41-->[:unityLibrary] AndroidManifest.xml:34:9-63
42        android:required="false" />
42-->[:unityLibrary] AndroidManifest.xml:35:9-33
43    <uses-feature
43-->[:unityLibrary] AndroidManifest.xml:36:5-38:36
44        android:name="android.hardware.touchscreen.multitouch.distinct"
44-->[:unityLibrary] AndroidManifest.xml:37:9-72
45        android:required="false" />
45-->[:unityLibrary] AndroidManifest.xml:38:9-33
46
47    <uses-permission android:name="android.permission.POST_NOTIFICATIONS" />
47-->[:unityLibrary] AndroidManifest.xml:40:5-77
47-->[:unityLibrary] AndroidManifest.xml:40:22-74
48
49    <queries>
49-->[com.google.ar:core:1.22.0] AndroidManifest.xml:29:5-31:15
50        <package android:name="com.google.ar.core" />
50-->[com.google.ar:core:1.22.0] AndroidManifest.xml:30:9-54
50-->[com.google.ar:core:1.22.0] AndroidManifest.xml:30:18-51
51    </queries>
52    <!--
53        Required by Vuforia: Add this permission to access IMU sensors at high rate
54        for device tracker functionality on Android 12+.
55    -->
56    <uses-permission android:name="android.permission.HIGH_SAMPLING_RATE_SENSORS" />
56-->[:VuforiaEngine:] AndroidManifest.xml:16:5-85
56-->[:VuforiaEngine:] AndroidManifest.xml:16:22-82
57
58    <application
58-->src\main\AndroidManifest.xml:4:3-83
59        android:extractNativeLibs="true"
59-->[:unityLibrary] AndroidManifest.xml:42:18-50
60        android:icon="@mipmap/app_icon"
60-->src\main\AndroidManifest.xml:4:49-80
61        android:label="@string/app_name" >
61-->src\main\AndroidManifest.xml:4:16-48
62        <activity
62-->[:unityLibrary] AndroidManifest.xml:43:9-63:20
63            android:name="com.unity3d.player.UnityPlayerActivity"
63-->[:unityLibrary] AndroidManifest.xml:44:13-66
64            android:configChanges="mcc|mnc|locale|touchscreen|keyboard|keyboardHidden|navigation|orientation|screenLayout|uiMode|screenSize|smallestScreenSize|fontScale|layoutDirection|density"
64-->[:unityLibrary] AndroidManifest.xml:45:13-194
65            android:hardwareAccelerated="false"
65-->[:unityLibrary] AndroidManifest.xml:46:13-48
66            android:launchMode="singleTask"
66-->[:unityLibrary] AndroidManifest.xml:47:13-44
67            android:resizeableActivity="false"
67-->[:unityLibrary] AndroidManifest.xml:48:13-47
68            android:screenOrientation="fullUser"
68-->[:unityLibrary] AndroidManifest.xml:49:13-49
69            android:theme="@style/UnityThemeSelector" >
69-->[:unityLibrary] AndroidManifest.xml:50:13-54
70            <intent-filter>
70-->[:unityLibrary] AndroidManifest.xml:51:13-55:29
71                <action android:name="android.intent.action.MAIN" />
71-->[:unityLibrary] AndroidManifest.xml:52:17-69
71-->[:unityLibrary] AndroidManifest.xml:52:25-66
72
73                <category android:name="android.intent.category.LAUNCHER" />
73-->[:unityLibrary] AndroidManifest.xml:54:17-77
73-->[:unityLibrary] AndroidManifest.xml:54:27-74
74            </intent-filter>
75
76            <meta-data
76-->[:unityLibrary] AndroidManifest.xml:57:13-59:40
77                android:name="unityplayer.UnityActivity"
77-->[:unityLibrary] AndroidManifest.xml:58:17-57
78                android:value="true" />
78-->[:unityLibrary] AndroidManifest.xml:59:17-37
79            <meta-data
79-->[:unityLibrary] AndroidManifest.xml:60:13-62:40
80                android:name="android.notch_support"
80-->[:unityLibrary] AndroidManifest.xml:61:17-53
81                android:value="true" />
81-->[:unityLibrary] AndroidManifest.xml:62:17-37
82        </activity>
83
84        <meta-data
84-->[:unityLibrary] AndroidManifest.xml:65:9-67:33
85            android:name="unity.splash-mode"
85-->[:unityLibrary] AndroidManifest.xml:66:13-45
86            android:value="0" />
86-->[:unityLibrary] AndroidManifest.xml:67:13-30
87        <meta-data
87-->[:unityLibrary] AndroidManifest.xml:68:9-70:36
88            android:name="unity.splash-enable"
88-->[:unityLibrary] AndroidManifest.xml:69:13-47
89            android:value="True" />
89-->[:unityLibrary] AndroidManifest.xml:70:13-33
90        <meta-data
90-->[:unityLibrary] AndroidManifest.xml:71:9-73:36
91            android:name="unity.launch-fullscreen"
91-->[:unityLibrary] AndroidManifest.xml:72:13-51
92            android:value="True" />
92-->[:unityLibrary] AndroidManifest.xml:73:13-33
93        <meta-data
93-->[:unityLibrary] AndroidManifest.xml:74:9-76:37
94            android:name="unity.allow-resizable-window"
94-->[:unityLibrary] AndroidManifest.xml:75:13-56
95            android:value="False" />
95-->[:unityLibrary] AndroidManifest.xml:76:13-34
96        <meta-data
96-->[:unityLibrary] AndroidManifest.xml:77:9-79:50
97            android:name="notch.config"
97-->[:unityLibrary] AndroidManifest.xml:78:13-40
98            android:value="portrait|landscape" />
98-->[:unityLibrary] AndroidManifest.xml:79:13-47
99
100        <receiver
100-->[:unityLibrary] AndroidManifest.xml:81:9-83:40
101            android:name="com.unity.androidnotifications.UnityNotificationManager"
101-->[:unityLibrary] AndroidManifest.xml:82:13-83
102            android:exported="false" />
102-->[:unityLibrary] AndroidManifest.xml:83:13-37
103        <receiver
103-->[:unityLibrary] AndroidManifest.xml:84:9-91:20
104            android:name="com.unity.androidnotifications.UnityNotificationRestartOnBootReceiver"
104-->[:unityLibrary] AndroidManifest.xml:85:13-97
105            android:enabled="false"
105-->[:unityLibrary] AndroidManifest.xml:86:13-36
106            android:exported="false" >
106-->[:unityLibrary] AndroidManifest.xml:87:13-37
107            <intent-filter>
107-->[:unityLibrary] AndroidManifest.xml:88:13-90:29
108                <action android:name="android.intent.action.BOOT_COMPLETED" />
108-->[:unityLibrary] AndroidManifest.xml:89:17-79
108-->[:unityLibrary] AndroidManifest.xml:89:25-76
109            </intent-filter>
110        </receiver>
111
112        <meta-data
112-->[:unityLibrary] AndroidManifest.xml:93:9-95:33
113            android:name="com.unity.androidnotifications.exact_scheduling"
113-->[:unityLibrary] AndroidManifest.xml:94:13-75
114            android:value="0" />
114-->[:unityLibrary] AndroidManifest.xml:95:13-30
115        <meta-data
115-->[:unityLibrary] AndroidManifest.xml:96:9-98:40
116            android:name="com.google.ar.core"
116-->[:unityLibrary] AndroidManifest.xml:97:13-46
117            android:value="optional" /> <!-- The minimal version code of ARCore APK required for an app using this SDK. -->
117-->[:unityLibrary] AndroidManifest.xml:98:13-37
118        <meta-data
118-->[com.google.ar:core:1.22.0] AndroidManifest.xml:36:9-38:41
119            android:name="com.google.ar.core.min_apk_version"
119-->[com.google.ar:core:1.22.0] AndroidManifest.xml:37:13-62
120            android:value="202940000" /> <!-- This activity is critical for installing ARCore when it is not already present. -->
120-->[com.google.ar:core:1.22.0] AndroidManifest.xml:38:13-38
121        <activity
121-->[com.google.ar:core:1.22.0] AndroidManifest.xml:40:9-46:80
122            android:name="com.google.ar.core.InstallActivity"
122-->[com.google.ar:core:1.22.0] AndroidManifest.xml:41:13-62
123            android:configChanges="keyboardHidden|orientation|screenSize"
123-->[com.google.ar:core:1.22.0] AndroidManifest.xml:42:13-74
124            android:excludeFromRecents="true"
124-->[com.google.ar:core:1.22.0] AndroidManifest.xml:43:13-46
125            android:exported="false"
125-->[com.google.ar:core:1.22.0] AndroidManifest.xml:44:13-37
126            android:launchMode="singleTop"
126-->[com.google.ar:core:1.22.0] AndroidManifest.xml:45:13-43
127            android:theme="@android:style/Theme.Material.Light.Dialog.Alert" />
127-->[com.google.ar:core:1.22.0] AndroidManifest.xml:46:13-77
128        <activity android:name="com.onevcat.uniwebview.UniWebViewFileChooserActivity" />
128-->[:UniWebView:] AndroidManifest.xml:12:9-89
128-->[:UniWebView:] AndroidManifest.xml:12:19-86
129
130        <provider
130-->[:VuforiaEngine:] AndroidManifest.xml:25:9-33:20
131            android:name="com.vuforia.engine.app.VuforiaContentProvider"
131-->[:VuforiaEngine:] AndroidManifest.xml:26:13-73
132            android:authorities="com.DefaultCompany.Myproject1.vuforia.share"
132-->[:VuforiaEngine:] AndroidManifest.xml:27:13-65
133            android:exported="false"
133-->[:VuforiaEngine:] AndroidManifest.xml:28:13-37
134            android:grantUriPermissions="true" >
134-->[:VuforiaEngine:] AndroidManifest.xml:29:13-47
135            <meta-data
135-->[:VuforiaEngine:] AndroidManifest.xml:30:13-32:53
136                android:name="android.support.FILE_PROVIDER_PATHS"
136-->[:VuforiaEngine:] AndroidManifest.xml:31:17-67
137                android:resource="@xml/filepaths" />
137-->[:VuforiaEngine:] AndroidManifest.xml:32:17-50
138        </provider>
139    </application>
140
141</manifest>